This is pdfTeX, Version 3.141592653-2.6-1.40.25 (MiKTeX 23.10) (preloaded format=pdflatex 2023.10.15)  14 JUL 2026 21:57
entering extended mode
 restricted \write18 enabled.
 %&-line parsing enabled.
**./junction_decision_geometry_analysis.tex
(junction_decision_geometry_analysis.tex
LaTeX2e <2023-06-01> patch level 1
L3 programming layer <2023-08-29>
(C:\Program Files\MiKTeX\tex/latex/base\article.cls
Document Class: article 2023/05/17 v1.4n Standard LaTeX document class
(C:\Program Files\MiKTeX\tex/latex/base\size11.clo
File: size11.clo 2023/05/17 v1.4n Standard LaTeX file (size option)
)
\c@part=\count185
\c@section=\count186
\c@subsection=\count187
\c@subsubsection=\count188
\c@paragraph=\count189
\c@subparagraph=\count190
\c@figure=\count191
\c@table=\count192
\abovecaptionskip=\skip48
\belowcaptionskip=\skip49
\bibindent=\dimen140
)
(C:\Users\My Family\AppData\Roaming\MiKTeX\tex/latex/geometry\geometry.sty
Package: geometry 2020/01/02 v5.9 Page Geometry

(C:\Program Files\MiKTeX\tex/latex/graphics\keyval.sty
Package: keyval 2022/05/29 v1.15 key=value parser (DPC)
\KV@toks@=\toks17
)
(C:\Program Files\MiKTeX\tex/generic/iftex\ifvtex.sty
Package: ifvtex 2019/10/25 v1.7 ifvtex legacy package. Use iftex instead.

(C:\Program Files\MiKTeX\tex/generic/iftex\iftex.sty
Package: iftex 2022/02/03 v1.0f TeX engine tests
))
\Gm@cnth=\count193
\Gm@cntv=\count194
\c@Gm@tempcnt=\count195
\Gm@bindingoffset=\dimen141
\Gm@wd@mp=\dimen142
\Gm@odd@mp=\dimen143
\Gm@even@mp=\dimen144
\Gm@layoutwidth=\dimen145
\Gm@layoutheight=\dimen146
\Gm@layouthoffset=\dimen147
\Gm@layoutvoffset=\dimen148
\Gm@dimlist=\toks18

(C:\Users\My Family\AppData\Roaming\MiKTeX\tex/latex/geometry\geometry.cfg))
(C:\Users\My Family\AppData\Roaming\MiKTeX\tex/latex/booktabs\booktabs.sty
Package: booktabs 2020/01/12 v1.61803398 Publication quality tables
\heavyrulewidth=\dimen149
\lightrulewidth=\dimen150
\cmidrulewidth=\dimen151
\belowrulesep=\dimen152
\belowbottomsep=\dimen153
\aboverulesep=\dimen154
\abovetopsep=\dimen155
\cmidrulesep=\dimen156
\cmidrulekern=\dimen157
\defaultaddspace=\dimen158
\@cmidla=\count196
\@cmidlb=\count197
\@aboverulesep=\dimen159
\@belowrulesep=\dimen160
\@thisruleclass=\count198
\@lastruleclass=\count199
\@thisrulewidth=\dimen161
)
(C:\Program Files\MiKTeX\tex/latex/graphics\graphicx.sty
Package: graphicx 2021/09/16 v1.2d Enhanced LaTeX Graphics (DPC,SPQR)

(C:\Program Files\MiKTeX\tex/latex/graphics\graphics.sty
Package: graphics 2022/03/10 v1.4e Standard LaTeX Graphics (DPC,SPQR)

(C:\Program Files\MiKTeX\tex/latex/graphics\trig.sty
Package: trig 2021/08/11 v1.11 sin cos tan (DPC)
)
(C:\Program Files\MiKTeX\tex/latex/graphics-cfg\graphics.cfg
File: graphics.cfg 2016/06/04 v1.11 sample graphics configuration
)
Package graphics Info: Driver file: pdftex.def on input line 107.

(C:\Program Files\MiKTeX\tex/latex/graphics-def\pdftex.def
File: pdftex.def 2022/09/22 v1.2b Graphics/color driver for pdftex
))
\Gin@req@height=\dimen162
\Gin@req@width=\dimen163
)
(C:\Program Files\MiKTeX\tex/latex/hyperref\hyperref.sty
Package: hyperref 2023-07-08 v7.01b Hypertext links for LaTeX

(C:\Users\My Family\AppData\Roaming\MiKTeX\tex/generic/ltxcmds\ltxcmds.sty
Package: ltxcmds 2020-05-10 v1.25 LaTeX kernel commands for general use (HO)
)
(C:\Program Files\MiKTeX\tex/generic/pdftexcmds\pdftexcmds.sty
Package: pdftexcmds 2020-06-27 v0.33 Utility functions of pdfTeX for LuaTeX (HO
)

(C:\Users\My Family\AppData\Roaming\MiKTeX\tex/generic/infwarerr\infwarerr.sty
Package: infwarerr 2019/12/03 v1.5 Providing info/warning/error messages (HO)
)
Package pdftexcmds Info: \pdf@primitive is available.
Package pdftexcmds Info: \pdf@ifprimitive is available.
Package pdftexcmds Info: \pdfdraftmode found.
) (C:\Users\My Family\AppData\Roaming\MiKTeX\tex/latex/kvsetkeys\kvsetkeys.sty
Package: kvsetkeys 2022-10-05 v1.19 Key value parser (HO)
)
(C:\Users\My Family\AppData\Roaming\MiKTeX\tex/generic/kvdefinekeys\kvdefinekey
s.sty
Package: kvdefinekeys 2019-12-19 v1.6 Define keys (HO)
)
(C:\Users\My Family\AppData\Roaming\MiKTeX\tex/generic/pdfescape\pdfescape.sty
Package: pdfescape 2019/12/09 v1.15 Implements pdfTeX's escape features (HO)
) (C:\Users\My Family\AppData\Roaming\MiKTeX\tex/latex/hycolor\hycolor.sty
Package: hycolor 2020-01-27 v1.10 Color options for hyperref/bookmark (HO)
)
(C:\Users\My Family\AppData\Roaming\MiKTeX\tex/latex/letltxmacro\letltxmacro.st
y
Package: letltxmacro 2019/12/03 v1.6 Let assignment for LaTeX macros (HO)
) (C:\Users\My Family\AppData\Roaming\MiKTeX\tex/latex/auxhook\auxhook.sty
Package: auxhook 2019-12-17 v1.6 Hooks for auxiliary files (HO)
)
(C:\Program Files\MiKTeX\tex/latex/hyperref\nameref.sty
Package: nameref 2023-08-07 v2.53 Cross-referencing by name of section

(C:\Users\My Family\AppData\Roaming\MiKTeX\tex/latex/refcount\refcount.sty
Package: refcount 2019/12/15 v3.6 Data extraction from label references (HO)
)
(C:\Users\My Family\AppData\Roaming\MiKTeX\tex/generic/gettitlestring\gettitles
tring.sty
Package: gettitlestring 2019/12/15 v1.6 Cleanup title references (HO)

(C:\Users\My Family\AppData\Roaming\MiKTeX\tex/latex/kvoptions\kvoptions.sty
Package: kvoptions 2022-06-15 v3.15 Key value format for package options (HO)
))
\c@section@level=\count266
) (C:\Program Files\MiKTeX\tex/latex/etoolbox\etoolbox.sty
Package: etoolbox 2020/10/05 v2.5k e-TeX tools for LaTeX (JAW)
\etb@tempcnta=\count267
)
\@linkdim=\dimen164
\Hy@linkcounter=\count268
\Hy@pagecounter=\count269

(C:\Program Files\MiKTeX\tex/latex/hyperref\pd1enc.def
File: pd1enc.def 2023-07-08 v7.01b Hyperref: PDFDocEncoding definition (HO)
Now handling font encoding PD1 ...
... no UTF-8 mapping file for font encoding PD1
)
(C:\Users\My Family\AppData\Roaming\MiKTeX\tex/generic/intcalc\intcalc.sty
Package: intcalc 2019/12/15 v1.3 Expandable calculations with integers (HO)
)
\Hy@SavedSpaceFactor=\count270

(C:\Program Files\MiKTeX\tex/latex/hyperref\puenc.def
File: puenc.def 2023-07-08 v7.01b Hyperref: PDF Unicode definition (HO)
Now handling font encoding PU ...
... no UTF-8 mapping file for font encoding PU
)
Package hyperref Info: Hyper figures OFF on input line 4167.
Package hyperref Info: Link nesting OFF on input line 4172.
Package hyperref Info: Hyper index ON on input line 4175.
Package hyperref Info: Plain pages OFF on input line 4182.
Package hyperref Info: Backreferencing OFF on input line 4187.
Package hyperref Info: Implicit mode ON; LaTeX internals redefined.
Package hyperref Info: Bookmarks ON on input line 4434.
\c@Hy@tempcnt=\count271

(C:\Program Files\MiKTeX\tex/latex/url\url.sty
\Urlmuskip=\muskip16
Package: url 2013/09/16  ver 3.4  Verb mode for urls, etc.
)
LaTeX Info: Redefining \url on input line 4772.
\XeTeXLinkMargin=\dimen165

(C:\Users\My Family\AppData\Roaming\MiKTeX\tex/generic/bitset\bitset.sty
Package: bitset 2019/12/09 v1.3 Handle bit-vector datatype (HO)

(C:\Users\My Family\AppData\Roaming\MiKTeX\tex/generic/bigintcalc\bigintcalc.st
y
Package: bigintcalc 2019/12/15 v1.5 Expandable calculations on big integers (HO
)
))
\Fld@menulength=\count272
\Field@Width=\dimen166
\Fld@charsize=\dimen167
Package hyperref Info: Hyper figures OFF on input line 6051.
Package hyperref Info: Link nesting OFF on input line 6056.
Package hyperref Info: Hyper index ON on input line 6059.
Package hyperref Info: backreferencing OFF on input line 6066.
Package hyperref Info: Link coloring OFF on input line 6071.
Package hyperref Info: Link coloring with OCG OFF on input line 6076.
Package hyperref Info: PDF/A mode OFF on input line 6081.
 (C:\Program Files\MiKTeX\tex/latex/base\atbegshi-ltx.sty
Package: atbegshi-ltx 2021/01/10 v1.0c Emulation of the original atbegshi
package with kernel methods
)
\Hy@abspage=\count273
\c@Item=\count274
\c@Hfootnote=\count275
)
Package hyperref Info: Driver (autodetected): hpdftex.

(C:\Program Files\MiKTeX\tex/latex/hyperref\hpdftex.def
File: hpdftex.def 2023-07-08 v7.01b Hyperref driver for pdfTeX

(C:\Program Files\MiKTeX\tex/latex/base\atveryend-ltx.sty
Package: atveryend-ltx 2020/08/19 v1.0a Emulation of the original atveryend pac
kage
with kernel methods
)
\Fld@listcount=\count276
\c@bookmark@seq@number=\count277

(C:\Users\My Family\AppData\Roaming\MiKTeX\tex/latex/rerunfilecheck\rerunfilech
eck.sty
Package: rerunfilecheck 2022-07-10 v1.10 Rerun checks for auxiliary files (HO)

(C:\Users\My Family\AppData\Roaming\MiKTeX\tex/generic/uniquecounter\uniquecoun
ter.sty
Package: uniquecounter 2019/12/15 v1.4 Provide unlimited unique counter (HO)
)
Package uniquecounter Info: New unique counter `rerunfilecheck' on input line 2
85.
)
\Hy@SectionHShift=\skip50
) (C:\Program Files\MiKTeX\tex/latex/xcolor\xcolor.sty
Package: xcolor 2022/06/12 v2.14 LaTeX color extensions (UK)

(C:\Program Files\MiKTeX\tex/latex/graphics-cfg\color.cfg
File: color.cfg 2016/01/02 v1.6 sample color configuration
)
Package xcolor Info: Driver file: pdftex.def on input line 227.

(C:\Program Files\MiKTeX\tex/latex/graphics\mathcolor.ltx)
Package xcolor Info: Model `cmy' substituted by `cmy0' on input line 1353.
Package xcolor Info: Model `hsb' substituted by `rgb' on input line 1357.
Package xcolor Info: Model `RGB' extended on input line 1369.
Package xcolor Info: Model `HTML' substituted by `rgb' on input line 1371.
Package xcolor Info: Model `Hsb' substituted by `hsb' on input line 1372.
Package xcolor Info: Model `tHsb' substituted by `hsb' on input line 1373.
Package xcolor Info: Model `HSB' substituted by `hsb' on input line 1374.
Package xcolor Info: Model `Gray' substituted by `gray' on input line 1375.
Package xcolor Info: Model `wave' substituted by `hsb' on input line 1376.
)
(C:\Program Files\MiKTeX\tex/latex/l3backend\l3backend-pdftex.def
File: l3backend-pdftex.def 2023-04-19 L3 backend support: PDF output (pdfTeX)
\l__color_backend_stack_int=\count278
\l__pdf_internal_box=\box51
)
(junction_decision_geometry_analysis.aux)
\openout1 = `junction_decision_geometry_analysis.aux'.

LaTeX Font Info:    Checking defaults for OML/cmm/m/it on input line 13.
LaTeX Font Info:    ... okay on input line 13.
LaTeX Font Info:    Checking defaults for OMS/cmsy/m/n on input line 13.
LaTeX Font Info:    ... okay on input line 13.
LaTeX Font Info:    Checking defaults for OT1/cmr/m/n on input line 13.
LaTeX Font Info:    ... okay on input line 13.
LaTeX Font Info:    Checking defaults for T1/cmr/m/n on input line 13.
LaTeX Font Info:    ... okay on input line 13.
LaTeX Font Info:    Checking defaults for TS1/cmr/m/n on input line 13.
LaTeX Font Info:    ... okay on input line 13.
LaTeX Font Info:    Checking defaults for OMX/cmex/m/n on input line 13.
LaTeX Font Info:    ... okay on input line 13.
LaTeX Font Info:    Checking defaults for U/cmr/m/n on input line 13.
LaTeX Font Info:    ... okay on input line 13.
LaTeX Font Info:    Checking defaults for PD1/pdf/m/n on input line 13.
LaTeX Font Info:    ... okay on input line 13.
LaTeX Font Info:    Checking defaults for PU/pdf/m/n on input line 13.
LaTeX Font Info:    ... okay on input line 13.

*geometry* driver: auto-detecting
*geometry* detected driver: pdftex
*geometry* verbose mode - [ preamble ] result:
* driver: pdftex
* paper: <default>
* layout: <same size as paper>
* layoutoffset:(h,v)=(0.0pt,0.0pt)
* modes: 
* h-part:(L,W,R)=(72.26999pt, 469.75502pt, 72.26999pt)
* v-part:(T,H,B)=(72.26999pt, 650.43001pt, 72.26999pt)
* \paperwidth=614.295pt
* \paperheight=794.96999pt
* \textwidth=469.75502pt
* \textheight=650.43001pt
* \oddsidemargin=0.0pt
* \evensidemargin=0.0pt
* \topmargin=-37.0pt
* \headheight=12.0pt
* \headsep=25.0pt
* \topskip=11.0pt
* \footskip=30.0pt
* \marginparwidth=59.0pt
* \marginparsep=10.0pt
* \columnsep=10.0pt
* \skip\footins=10.0pt plus 4.0pt minus 2.0pt
* \hoffset=0.0pt
* \voffset=0.0pt
* \mag=1000
* \@twocolumnfalse
* \@twosidefalse
* \@mparswitchfalse
* \@reversemarginfalse
* (1in=72.27pt=25.4mm, 1cm=28.453pt)

(C:\Program Files\MiKTeX\tex/context/base/mkii\supp-pdf.mkii
[Loading MPS to PDF converter (version 2006.09.02).]
\scratchcounter=\count279
\scratchdimen=\dimen168
\scratchbox=\box52
\nofMPsegments=\count280
\nofMParguments=\count281
\everyMPshowfont=\toks19
\MPscratchCnt=\count282
\MPscratchDim=\dimen169
\MPnumerator=\count283
\makeMPintoPDFobject=\count284
\everyMPtoPDFconversion=\toks20
) (C:\Program Files\MiKTeX\tex/latex/epstopdf-pkg\epstopdf-base.sty
Package: epstopdf-base 2020-01-24 v2.11 Base part for package epstopdf
Package epstopdf-base Info: Redefining graphics rule for `.eps' on input line 4
85.

(C:\Program Files\MiKTeX\tex/latex/00miktex\epstopdf-sys.cfg
File: epstopdf-sys.cfg 2021/03/18 v2.0 Configuration of epstopdf for MiKTeX
))
Package hyperref Info: Link coloring OFF on input line 13.

(junction_decision_geometry_analysis.out)
(junction_decision_geometry_analysis.out)
\@outlinefile=\write3
\openout3 = `junction_decision_geometry_analysis.out'.

LaTeX Font Info:    External font `cmex10' loaded for size
(Font)              <12> on input line 15.
LaTeX Font Info:    External font `cmex10' loaded for size
(Font)              <8> on input line 15.
LaTeX Font Info:    External font `cmex10' loaded for size
(Font)              <6> on input line 15.
LaTeX Font Info:    External font `cmex10' loaded for size
(Font)              <10.95> on input line 63.


LaTeX Warning: `h' float specifier changed to `ht'.

<../../outputs/models/rollout_model_comparison_junction_smoke/junction_decision
_outcomes.png, id=35, 346.896pt x 231.264pt>
File: ../../outputs/models/rollout_model_comparison_junction_smoke/junction_dec
ision_outcomes.png Graphic file (type png)
<use ../../outputs/models/rollout_model_comparison_junction_smoke/junction_deci
sion_outcomes.png>
Package pdftex.def Info: ../../outputs/models/rollout_model_comparison_junction
_smoke/junction_decision_outcomes.png  used on input line 76.
(pdftex.def)             Requested size: 357.01123pt x 238.02107pt.

LaTeX Warning: `h' float specifier changed to `ht'.

<../../outputs/models/rollout_model_comparison_junction_smoke/junction_confusio
n_history_20.png, id=37, 252.945pt x 231.264pt>
File: ../../outputs/models/rollout_model_comparison_junction_smoke/junction_con
fusion_history_20.png Graphic file (type png)
<use ../../outputs/models/rollout_model_comparison_junction_smoke/junction_conf
usion_history_20.png>
Package pdftex.def Info: ../../outputs/models/rollout_model_comparison_junction
_smoke/junction_confusion_history_20.png  used on input line 89.
(pdftex.def)             Requested size: 225.4804pt x 206.156pt.

LaTeX Warning: `h' float specifier changed to `ht'.

<../../outputs/models/rollout_model_comparison_junction_smoke/junction_confusio
n_markovian.png, id=38, 252.945pt x 231.264pt>
File: ../../outputs/models/rollout_model_comparison_junction_smoke/junction_con
fusion_markovian.png Graphic file (type png)
<use ../../outputs/models/rollout_model_comparison_junction_smoke/junction_conf
usion_markovian.png>
Package pdftex.def Info: ../../outputs/models/rollout_model_comparison_junction
_smoke/junction_confusion_markovian.png  used on input line 95.
(pdftex.def)             Requested size: 225.4804pt x 206.156pt.

LaTeX Warning: `h' float specifier changed to `ht'.

<../../outputs/models/rollout_model_comparison_junction_smoke/junction_confusio
n_geometry_aware.png, id=39, 252.945pt x 231.264pt>
File: ../../outputs/models/rollout_model_comparison_junction_smoke/junction_con
fusion_geometry_aware.png Graphic file (type png)
<use ../../outputs/models/rollout_model_comparison_junction_smoke/junction_conf
usion_geometry_aware.png>
Package pdftex.def Info: ../../outputs/models/rollout_model_comparison_junction
_smoke/junction_confusion_geometry_aware.png  used on input line 101.
(pdftex.def)             Requested size: 225.4804pt x 206.156pt.

LaTeX Warning: `h' float specifier changed to `ht'.

[1

{C:/Users/My Family/AppData/Local/MiKTeX/fonts/map/pdftex/pdftex.map}]
[2 <../../outputs/models/rollout_model_comparison_junction_smoke/junction_decis
ion_outcomes.png> <../../outputs/models/rollout_model_comparison_junction_smoke
/junction_confusion_history_20.png>] [3 <../../outputs/models/rollout_model_com
parison_junction_smoke/junction_confusion_markovian.png> <../../outputs/models/
rollout_model_comparison_junction_smoke/junction_confusion_geometry_aware.png>]

Overfull \hbox (13.13475pt too wide) in paragraph at lines 170--170
[]\OT1/cmtt/m/n/10.95 outputs/models/rollout_model_comparison_junction_smoke/ju
nction_decision_metrics.csv[] 
 []


Overfull \hbox (7.38606pt too wide) in paragraph at lines 170--170
[]\OT1/cmtt/m/n/10.95 outputs/models/rollout_model_comparison_junction_smoke/ju
nction_decision_events.csv[] 
 []


Overfull \hbox (18.88344pt too wide) in paragraph at lines 170--170
[]\OT1/cmtt/m/n/10.95 outputs/models/rollout_model_comparison_junction_smoke/ju
nction_decision_outcomes.png[] 
 []


Overfull \hbox (36.1295pt too wide) in paragraph at lines 170--170
[]\OT1/cmtt/m/n/10.95 outputs/models/rollout_model_comparison_junction_smoke/ju
nction_confusion_history_20.png[] 
 []


Overfull \hbox (30.38081pt too wide) in paragraph at lines 170--170
[]\OT1/cmtt/m/n/10.95 outputs/models/rollout_model_comparison_junction_smoke/ju
nction_confusion_markovian.png[] 
 []


Overfull \hbox (59.12425pt too wide) in paragraph at lines 170--170
[]\OT1/cmtt/m/n/10.95 outputs/models/rollout_model_comparison_junction_smoke/ju
nction_confusion_geometry_aware.png[] 
 []

[4

] [5] (junction_decision_geometry_analysis.aux)
 ***********
LaTeX2e <2023-06-01> patch level 1
L3 programming layer <2023-08-29>
 ***********
Package rerunfilecheck Info: File `junction_decision_geometry_analysis.out' has
 not changed.
(rerunfilecheck)             Checksum: 679B019A7CB08F0444C16439D38B4083;1395.
 ) 
Here is how much of TeX's memory you used:
 9446 strings out of 475247
 148530 string characters out of 5767592
 1931785 words of memory out of 5000000
 30856 multiletter control sequences out of 15000+600000
 563442 words of font info for 54 fonts, out of 8000000 for 9000
 1141 hyphenation exceptions out of 8191
 75i,8n,79p,370b,575s stack positions out of 10000i,1000n,20000p,200000b,200000s
 <C:\Users\My Family\AppData\Local\MiKTeX\fonts/pk/ljfour/jknappen/ec/dpi600\
tcrm1095.pk><C:/Program Files/MiKTeX/fonts/type1/public/amsfonts/cm/cmbx10.pfb>
<C:/Program Files/MiKTeX/fonts/type1/public/amsfonts/cm/cmbx12.pfb><C:/Program 
Files/MiKTeX/fonts/type1/public/amsfonts/cm/cmr10.pfb><C:/Program Files/MiKTeX/
fonts/type1/public/amsfonts/cm/cmr12.pfb><C:/Program Files/MiKTeX/fonts/type1/p
ublic/amsfonts/cm/cmr17.pfb><C:/Program Files/MiKTeX/fonts/type1/public/amsfont
s/cm/cmtt10.pfb>
Output written on junction_decision_geometry_analysis.pdf (5 pages, 324256 byte
s).
PDF statistics:
 115 PDF objects out of 1000 (max. 8388607)
 21 named destinations out of 1000 (max. 500000)
 85 words of extra memory for PDF output out of 10000 (max. 10000000)

